c:\users\jaime vicente arroyo\desktop\c0s1t4s\universidad\2º\ig1\igdelaminita23\p1\ig1app\x64\debug\vc143.pdb
c:\users\jaime vicente arroyo\desktop\c0s1t4s\universidad\2º\ig1\igdelaminita23\p1\ig1app\x64\debug\vc143.idb
c:\users\jaime vicente arroyo\desktop\c0s1t4s\universidad\2º\ig1\igdelaminita23\p1\ig1app\x64\debug\viewport.obj
c:\users\jaime vicente arroyo\desktop\c0s1t4s\universidad\2º\ig1\igdelaminita23\p1\ig1app\x64\debug\texture.obj
c:\users\jaime vicente arroyo\desktop\c0s1t4s\universidad\2º\ig1\igdelaminita23\p1\ig1app\x64\debug\scene.obj
c:\users\jaime vicente arroyo\desktop\c0s1t4s\universidad\2º\ig1\igdelaminita23\p1\ig1app\x64\debug\pixmap32rgba.obj
c:\users\jaime vicente arroyo\desktop\c0s1t4s\universidad\2º\ig1\igdelaminita23\p1\ig1app\x64\debug\mesh.obj
c:\users\jaime vicente arroyo\desktop\c0s1t4s\universidad\2º\ig1\igdelaminita23\p1\ig1app\x64\debug\main.obj
c:\users\jaime vicente arroyo\desktop\c0s1t4s\universidad\2º\ig1\igdelaminita23\p1\ig1app\x64\debug\ig1app.obj
c:\users\jaime vicente arroyo\desktop\c0s1t4s\universidad\2º\ig1\igdelaminita23\p1\ig1app\x64\debug\entity.obj
c:\users\jaime vicente arroyo\desktop\c0s1t4s\universidad\2º\ig1\igdelaminita23\p1\ig1app\x64\debug\camera.obj
c:\users\jaime vicente arroyo\desktop\c0s1t4s\universidad\2º\ig1\igdelaminita23\p1\bin\ig1appdebug.exe
c:\users\jaime vicente arroyo\desktop\c0s1t4s\universidad\2º\ig1\igdelaminita23\p1\ig1app\x64\debug\ig1appdebug.ilk
c:\users\jaime vicente arroyo\desktop\c0s1t4s\universidad\2º\ig1\igdelaminita23\p1\bin\ig1appdebug.pdb
c:\users\jaime vicente arroyo\desktop\c0s1t4s\universidad\2º\ig1\igdelaminita23\p1\ig1app\x64\debug\entity.obj.enc
c:\users\jaime vicente arroyo\desktop\c0s1t4s\universidad\2º\ig1\igdelaminita23\p1\ig1app\x64\debug\ig1app.tlog\cl.command.1.tlog
c:\users\jaime vicente arroyo\desktop\c0s1t4s\universidad\2º\ig1\igdelaminita23\p1\ig1app\x64\debug\ig1app.tlog\cl.items.tlog
c:\users\jaime vicente arroyo\desktop\c0s1t4s\universidad\2º\ig1\igdelaminita23\p1\ig1app\x64\debug\ig1app.tlog\cl.read.1.tlog
c:\users\jaime vicente arroyo\desktop\c0s1t4s\universidad\2º\ig1\igdelaminita23\p1\ig1app\x64\debug\ig1app.tlog\cl.write.1.tlog
c:\users\jaime vicente arroyo\desktop\c0s1t4s\universidad\2º\ig1\igdelaminita23\p1\ig1app\x64\debug\ig1app.tlog\link.command.1.tlog
c:\users\jaime vicente arroyo\desktop\c0s1t4s\universidad\2º\ig1\igdelaminita23\p1\ig1app\x64\debug\ig1app.tlog\link.read.1.tlog
c:\users\jaime vicente arroyo\desktop\c0s1t4s\universidad\2º\ig1\igdelaminita23\p1\ig1app\x64\debug\ig1app.tlog\link.write.1.tlog
