c:\users\javi\desktop\escritorio temporal\igdelaminita23\p5\ig1app\x64\debug\vc143.pdb
c:\users\javi\desktop\escritorio temporal\igdelaminita23\p5\ig1app\x64\debug\vc143.idb
c:\users\javi\desktop\escritorio temporal\igdelaminita23\p5\ig1app\x64\debug\viewport.obj
c:\users\javi\desktop\escritorio temporal\igdelaminita23\p5\ig1app\x64\debug\texture.obj
c:\users\javi\desktop\escritorio temporal\igdelaminita23\p5\ig1app\x64\debug\scene.obj
c:\users\javi\desktop\escritorio temporal\igdelaminita23\p5\ig1app\x64\debug\pixmap32rgba.obj
c:\users\javi\desktop\escritorio temporal\igdelaminita23\p5\ig1app\x64\debug\mesh.obj
c:\users\javi\desktop\escritorio temporal\igdelaminita23\p5\ig1app\x64\debug\material.obj
c:\users\javi\desktop\escritorio temporal\igdelaminita23\p5\ig1app\x64\debug\main.obj
c:\users\javi\desktop\escritorio temporal\igdelaminita23\p5\ig1app\x64\debug\light.obj
c:\users\javi\desktop\escritorio temporal\igdelaminita23\p5\ig1app\x64\debug\ig1app.obj
c:\users\javi\desktop\escritorio temporal\igdelaminita23\p5\ig1app\x64\debug\entity.obj
c:\users\javi\desktop\escritorio temporal\igdelaminita23\p5\ig1app\x64\debug\cara.obj
c:\users\javi\desktop\escritorio temporal\igdelaminita23\p5\ig1app\x64\debug\camera.obj
c:\users\javi\desktop\escritorio temporal\igdelaminita23\p5\bin\ig1appdebug.exe
c:\users\javi\desktop\escritorio temporal\igdelaminita23\p5\ig1app\x64\debug\ig1appdebug.ilk
c:\users\javi\desktop\escritorio temporal\igdelaminita23\p5\bin\ig1appdebug.pdb
c:\users\javi\desktop\escritorio temporal\igdelaminita23\p5\ig1app\x64\debug\ig1app.tlog\cl.command.1.tlog
c:\users\javi\desktop\escritorio temporal\igdelaminita23\p5\ig1app\x64\debug\ig1app.tlog\cl.items.tlog
c:\users\javi\desktop\escritorio temporal\igdelaminita23\p5\ig1app\x64\debug\ig1app.tlog\cl.read.1.tlog
c:\users\javi\desktop\escritorio temporal\igdelaminita23\p5\ig1app\x64\debug\ig1app.tlog\cl.write.1.tlog
c:\users\javi\desktop\escritorio temporal\igdelaminita23\p5\ig1app\x64\debug\ig1app.tlog\link.command.1.tlog
c:\users\javi\desktop\escritorio temporal\igdelaminita23\p5\ig1app\x64\debug\ig1app.tlog\link.read.1.tlog
c:\users\javi\desktop\escritorio temporal\igdelaminita23\p5\ig1app\x64\debug\ig1app.tlog\link.write.1.tlog
