  Entity.cpp
  Mesh.cpp
C:\Users\Javi\Desktop\IGdelaminita23\P1\IG1App\Mesh.cpp(79,20): warning C4018: '<': no coinciden signed/unsigned
C:\Program Files\Microsoft Visual Studio\2022\Community\VC\Tools\MSVC\14.37.32822\include\xutility(240,54): error C2661: 'glm::vec<3,glm::f64,glm::packed_highp>::vec': ninguna función sobrecargada acepta 2 argumentos
C:\Users\Javi\Desktop\IGdelaminita23\P1\glm\include\glm\detail\type_vec3.hpp(151,17): message : puede ser 'glm::vec<3,glm::f64,glm::packed_highp>::vec(const glm::vec<3,U,P> &)'
C:\Program Files\Microsoft Visual Studio\2022\Community\VC\Tools\MSVC\14.37.32822\include\xutility(240,54): message : "glm::vec<3,glm::f64,glm::packed_highp>::vec(const glm::vec<3,U,P> &)": espera 1 argumentos - 2 proporcionado
C:\Users\Javi\Desktop\IGdelaminita23\P1\glm\include\glm\detail\type_vec3.hpp(147,17): message : o       'glm::vec<3,glm::f64,glm::packed_highp>::vec(const glm::vec<4,U,P> &)'
C:\Program Files\Microsoft Visual Studio\2022\Community\VC\Tools\MSVC\14.37.32822\include\xutility(240,54): message : "glm::vec<3,glm::f64,glm::packed_highp>::vec(const glm::vec<4,U,P> &)": espera 1 argumentos - 2 proporcionado
C:\Users\Javi\Desktop\IGdelaminita23\P1\glm\include\glm\detail\type_vec3.hpp(144,17): message : o       'glm::vec<3,glm::f64,glm::packed_highp>::vec(const glm::vec<1,A,P> &,const glm::vec<2,B,P> &)'
C:\Program Files\Microsoft Visual Studio\2022\Community\VC\Tools\MSVC\14.37.32822\include\xutility(240,54): message : "glm::vec<3,glm::f64,glm::packed_highp>::vec(const glm::vec<1,A,P> &,const glm::vec<2,B,P> &)": no se pudo deducir el argumento plantilla para "const glm::vec<1,A,P> &" de "_Ty"
          with
          [
              _Ty=double
          ]
C:\Users\Javi\Desktop\IGdelaminita23\P1\glm\include\glm\detail\type_vec3.hpp(141,17): message : o       'glm::vec<3,glm::f64,glm::packed_highp>::vec(A,const glm::vec<2,B,P> &)'
C:\Program Files\Microsoft Visual Studio\2022\Community\VC\Tools\MSVC\14.37.32822\include\xutility(240,54): message : "glm::vec<3,glm::f64,glm::packed_highp>::vec(A,const glm::vec<2,B,P> &)": no se pudo deducir el argumento plantilla para "const glm::vec<2,B,P> &" de "_Ty"
          with
          [
              _Ty=double
          ]
C:\Users\Javi\Desktop\IGdelaminita23\P1\glm\include\glm\detail\type_vec3.hpp(138,17): message : o       'glm::vec<3,glm::f64,glm::packed_highp>::vec(const glm::vec<2,A,P> &,const glm::vec<1,B,P> &)'
C:\Program Files\Microsoft Visual Studio\2022\Community\VC\Tools\MSVC\14.37.32822\include\xutility(240,54): message : "glm::vec<3,glm::f64,glm::packed_highp>::vec(const glm::vec<2,A,P> &,const glm::vec<1,B,P> &)": no se pudo deducir el argumento plantilla para "const glm::vec<2,A,P> &" de "_Ty"
          with
          [
              _Ty=double
          ]
C:\Users\Javi\Desktop\IGdelaminita23\P1\glm\include\glm\detail\type_vec3.hpp(135,17): message : o       'glm::vec<3,glm::f64,glm::packed_highp>::vec(const glm::vec<2,A,P> &,B)'
C:\Program Files\Microsoft Visual Studio\2022\Community\VC\Tools\MSVC\14.37.32822\include\xutility(240,54): message : "glm::vec<3,glm::f64,glm::packed_highp>::vec(const glm::vec<2,A,P> &,B)": no se pudo deducir el argumento plantilla para "const glm::vec<2,A,P> &" de "_Ty"
          with
          [
              _Ty=double
          ]
C:\Users\Javi\Desktop\IGdelaminita23\P1\glm\include\glm\detail\type_vec3.hpp(129,17): message : o       'glm::vec<3,glm::f64,glm::packed_highp>::vec(const glm::vec<1,A,glm::packed_highp> &,const glm::vec<1,B,glm::packed_highp> &,const glm::vec<1,Z,glm::packed_highp> &)'
C:\Program Files\Microsoft Visual Studio\2022\Community\VC\Tools\MSVC\14.37.32822\include\xutility(240,54): message : "glm::vec<3,glm::f64,glm::packed_highp>::vec(const glm::vec<1,A,glm::packed_highp> &,const glm::vec<1,B,glm::packed_highp> &,const glm::vec<1,Z,glm::packed_highp> &)": espera 3 argumentos - 2 proporcionado
C:\Users\Javi\Desktop\IGdelaminita23\P1\glm\include\glm\detail\type_vec3.hpp(127,17): message : o       'glm::vec<3,glm::f64,glm::packed_highp>::vec(X,const glm::vec<1,B,glm::packed_highp> &,const glm::vec<1,Z,glm::packed_highp> &)'
C:\Program Files\Microsoft Visual Studio\2022\Community\VC\Tools\MSVC\14.37.32822\include\xutility(240,54): message : "glm::vec<3,glm::f64,glm::packed_highp>::vec(X,const glm::vec<1,B,glm::packed_highp> &,const glm::vec<1,Z,glm::packed_highp> &)": espera 3 argumentos - 2 proporcionado
C:\Users\Javi\Desktop\IGdelaminita23\P1\glm\include\glm\detail\type_vec3.hpp(125,17): message : o       'glm::vec<3,glm::f64,glm::packed_highp>::vec(const glm::vec<1,A,glm::packed_highp> &,Y,const glm::vec<1,Z,glm::packed_highp> &)'
C:\Program Files\Microsoft Visual Studio\2022\Community\VC\Tools\MSVC\14.37.32822\include\xutility(240,54): message : "glm::vec<3,glm::f64,glm::packed_highp>::vec(const glm::vec<1,A,glm::packed_highp> &,Y,const glm::vec<1,Z,glm::packed_highp> &)": espera 3 argumentos - 2 proporcionado
C:\Users\Javi\Desktop\IGdelaminita23\P1\glm\include\glm\detail\type_vec3.hpp(123,17): message : o       'glm::vec<3,glm::f64,glm::packed_highp>::vec(X,Y,const glm::vec<1,Z,glm::packed_highp> &)'
C:\Program Files\Microsoft Visual Studio\2022\Community\VC\Tools\MSVC\14.37.32822\include\xutility(240,54): message : "glm::vec<3,glm::f64,glm::packed_highp>::vec(X,Y,const glm::vec<1,Z,glm::packed_highp> &)": espera 3 argumentos - 2 proporcionado
C:\Users\Javi\Desktop\IGdelaminita23\P1\glm\include\glm\detail\type_vec3.hpp(121,17): message : o       'glm::vec<3,glm::f64,glm::packed_highp>::vec(const glm::vec<1,A,glm::packed_highp> &,const glm::vec<1,B,glm::packed_highp> &,Z)'
C:\Program Files\Microsoft Visual Studio\2022\Community\VC\Tools\MSVC\14.37.32822\include\xutility(240,54): message : "glm::vec<3,glm::f64,glm::packed_highp>::vec(const glm::vec<1,A,glm::packed_highp> &,const glm::vec<1,B,glm::packed_highp> &,Z)": espera 3 argumentos - 2 proporcionado
C:\Users\Javi\Desktop\IGdelaminita23\P1\glm\include\glm\detail\type_vec3.hpp(119,17): message : o       'glm::vec<3,glm::f64,glm::packed_highp>::vec(X,const glm::vec<1,B,glm::packed_highp> &,Z)'
C:\Program Files\Microsoft Visual Studio\2022\Community\VC\Tools\MSVC\14.37.32822\include\xutility(240,54): message : "glm::vec<3,glm::f64,glm::packed_highp>::vec(X,const glm::vec<1,B,glm::packed_highp> &,Z)": espera 3 argumentos - 2 proporcionado
C:\Users\Javi\Desktop\IGdelaminita23\P1\glm\include\glm\detail\type_vec3.hpp(117,17): message : o       'glm::vec<3,glm::f64,glm::packed_highp>::vec(const glm::vec<1,A,glm::packed_highp> &,Y,Z)'
C:\Program Files\Microsoft Visual Studio\2022\Community\VC\Tools\MSVC\14.37.32822\include\xutility(240,54): message : "glm::vec<3,glm::f64,glm::packed_highp>::vec(const glm::vec<1,A,glm::packed_highp> &,Y,Z)": espera 3 argumentos - 2 proporcionado
C:\Users\Javi\Desktop\IGdelaminita23\P1\glm\include\glm\detail\type_vec3.hpp(115,17): message : o       'glm::vec<3,glm::f64,glm::packed_highp>::vec(X,Y,Z)'
C:\Program Files\Microsoft Visual Studio\2022\Community\VC\Tools\MSVC\14.37.32822\include\xutility(240,54): message : "glm::vec<3,glm::f64,glm::packed_highp>::vec(X,Y,Z)": espera 3 argumentos - 2 proporcionado
C:\Users\Javi\Desktop\IGdelaminita23\P1\glm\include\glm\detail\type_vec3.hpp(111,17): message : o       'glm::vec<3,glm::f64,glm::packed_highp>::vec(const glm::vec<1,U,P> &)'
C:\Program Files\Microsoft Visual Studio\2022\Community\VC\Tools\MSVC\14.37.32822\include\xutility(240,54): message : "glm::vec<3,glm::f64,glm::packed_highp>::vec(const glm::vec<1,U,P> &)": espera 1 argumentos - 2 proporcionado
C:\Users\Javi\Desktop\IGdelaminita23\P1\glm\include\glm\detail\type_vec3.hpp(101,17): message : o       'glm::vec<3,glm::f64,glm::packed_highp>::vec(const glm::vec<3,T,P> &)'
          with
          [
              T=glm::f64
          ]
C:\Program Files\Microsoft Visual Studio\2022\Community\VC\Tools\MSVC\14.37.32822\include\xutility(240,54): message : "glm::vec<3,glm::f64,glm::packed_highp>::vec(const glm::vec<3,T,P> &)": espera 1 argumentos - 2 proporcionado
          with
          [
              T=glm::f64
          ]
C:\Program Files\Microsoft Visual Studio\2022\Community\VC\Tools\MSVC\14.37.32822\include\xutility(240,54): message : al hacer coincidir la lista de argumentos '(_Ty, _Ty)'
          with
          [
              _Ty=double
          ]
C:\Program Files\Microsoft Visual Studio\2022\Community\VC\Tools\MSVC\14.37.32822\include\xmemory(717,14): message : Vea la referencia a la creación de una instancia de la función plantilla "_Ty *std::construct_at<_Objty,double,double,0x0>(_Ty *const ,double &&,double &&) noexcept(<expr>)" que se está compilando
          with
          [
              _Ty=glm::vec<3,glm::f64,glm::packed_highp>,
              _Objty=glm::vec<3,glm::f64,glm::packed_highp>
          ]
C:\Program Files\Microsoft Visual Studio\2022\Community\VC\Tools\MSVC\14.37.32822\include\vector(800,27): message : Vea la referencia a la creación de una instancia de la función plantilla "void std::_Default_allocator_traits<_Alloc>::construct<_Ty,double,double>(_Alloc &,_Objty *const ,double &&,double &&)" que se está compilando
          with
          [
              _Alloc=std::allocator<glm::dvec3>,
              _Ty=glm::vec<3,glm::f64,glm::packed_highp>,
              _Objty=glm::vec<3,glm::f64,glm::packed_highp>
          ]
C:\Program Files\Microsoft Visual Studio\2022\Community\VC\Tools\MSVC\14.37.32822\include\vector(782,20): message : Vea la referencia a la creación de una instancia de la función plantilla "_Ty &std::vector<_Ty,std::allocator<_Ty>>::_Emplace_back_with_unused_capacity<double,double>(double &&,double &&)" que se está compilando
          with
          [
              _Ty=glm::dvec3
          ]
C:\Program Files\Microsoft Visual Studio\2022\Community\VC\Tools\MSVC\14.37.32822\include\vector(864,24): message : Vea la referencia a la creación de una instancia de la función plantilla "_Ty &std::vector<_Ty,std::allocator<_Ty>>::_Emplace_one_at_back<double,double>(double &&,double &&)" que se está compilando
          with
          [
              _Ty=glm::dvec3
          ]
C:\Users\Javi\Desktop\IGdelaminita23\P1\IG1App\Mesh.cpp(104,17): message : Vea la referencia a la creación de una instancia de la función plantilla "_Ty &std::vector<_Ty,std::allocator<_Ty>>::emplace_back<GLdouble,GLdouble>(GLdouble &&,GLdouble &&)" que se está compilando
          with
          [
              _Ty=glm::dvec3
          ]
  Scene.cpp
C:\Users\Javi\Desktop\IGdelaminita23\P1\IG1App\Scene.cpp(37,25): warning C4305: 'argumento': truncamiento de 'double' a 'GLclampf'
C:\Users\Javi\Desktop\IGdelaminita23\P1\IG1App\Scene.cpp(37,20): warning C4305: 'argumento': truncamiento de 'double' a 'GLclampf'
C:\Users\Javi\Desktop\IGdelaminita23\P1\IG1App\Scene.cpp(37,15): warning C4305: 'argumento': truncamiento de 'double' a 'GLclampf'
  Generando código...
